<?xml version="1.0" encoding="UTF-8"?>
<testng-results ignored="0" total="1" passed="1" failed="0" skipped="0">
  <reporter-output>
  </reporter-output>
  <suite started-at="2024-03-25T14:52:40 IST" name="Default suite" finished-at="2024-03-25T14:52:44 IST" duration-ms="3859">
    <groups>
    </groups>
    <test started-at="2024-03-25T14:52:40 IST" name="Default test" finished-at="2024-03-25T14:52:44 IST" duration-ms="3859">
      <class name="api.Test.UserTests2">
        <test-method is-config="true" signature="setUp()[pri:0, instance:api.Test.UserTests2@11392934]" started-at="2024-03-25T14:52:40 IST" name="setUp" finished-at="2024-03-25T14:52:41 IST" duration-ms="280" status="PASS">
          <reporter-output>
          </reporter-output>
        </test-method> <!-- setUp -->
        <test-method signature="testPostUser()[pri:1, instance:api.Test.UserTests2@11392934]" started-at="2024-03-25T14:52:41 IST" name="testPostUser" finished-at="2024-03-25T14:52:44 IST" duration-ms="3532" status="PASS">
          <reporter-output>
          </reporter-output>
        </test-method> <!-- testPostUser -->
      </class> <!-- api.Test.UserTests2 -->
    </test> <!-- Default test -->
  </suite> <!-- Default suite -->
</testng-results>
